[127967.998] 
X.Org X Server 1.17.2
Release Date: 2015-06-16
[127967.998] X Protocol Version 11, Revision 0
[127967.998] Build Operating System: Linux 4.0.4-2-ARCH x86_64 
[127967.998] Current Operating System: Linux wopr 4.1.5-1-ck #1 SMP PREEMPT Tue Aug 11 19:09:29 EDT 2015 x86_64
[127967.998] Kernel command line: initrd=\intel-ucode.img initrd=\initramfs-linux-ck.img root=PARTUUID=c47b0f9f-23fd-47bc-ada2-7aaca8ef916e ipv6.disable=1 rw
[127967.998] Build Date: 17 July 2015  05:38:19PM
[127967.998]  
[127967.998] Current version of pixman: 0.32.6
[127967.998] 	Before reporting problems, check http://wiki.x.org
	to make sure that you have the latest version.
[127967.998] Markers: (--) probed, (**) from config file, (==) default setting,
	(++) from command line, (!!) notice, (II) informational,
	(WW) warning, (EE) error, (NI) not implemented, (??) unknown.
[127967.999] (==) Log file: "/home/srsantos/.local/share/xorg/Xorg.0.log", Time: Sun Aug 16 19:11:15 2015
[127967.999] (==) Using config directory: "/etc/X11/xorg.conf.d"
[127967.999] (==) Using system config directory "/usr/share/X11/xorg.conf.d"
[127967.999] (==) No Layout section.  Using the first Screen section.
[127967.999] (==) No screen section available. Using defaults.
[127967.999] (**) |-->Screen "Default Screen Section" (0)
[127967.999] (**) |   |-->Monitor "<default monitor>"
[127967.999] (==) No monitor specified for screen "Default Screen Section".
	Using a default monitor configuration.
[127968.000] (==) Automatically adding devices
[127968.000] (==) Automatically enabling devices
[127968.000] (==) Automatically adding GPU devices
[127968.000] (WW) `fonts.dir' not found (or not valid) in "/usr/share/fonts/100dpi/".
[127968.000] 	Entry deleted from font path.
[127968.000] 	(Run 'mkfontdir' on "/usr/share/fonts/100dpi/").
[127968.000] (WW) `fonts.dir' not found (or not valid) in "/usr/share/fonts/75dpi/".
[127968.000] 	Entry deleted from font path.
[127968.000] 	(Run 'mkfontdir' on "/usr/share/fonts/75dpi/").
[127968.000] (==) FontPath set to:
	/usr/share/fonts/misc/,
	/usr/share/fonts/TTF/,
	/usr/share/fonts/OTF/,
	/usr/share/fonts/Type1/
[127968.000] (==) ModulePath set to "/usr/lib/xorg/modules"
[127968.000] (II) The server relies on udev to provide the list of input devices.
	If no devices become available, reconfigure udev or disable AutoAddDevices.
[127968.000] (II) Loader magic: 0x817d60
[127968.000] (II) Module ABI versions:
[127968.000] 	X.Org ANSI C Emulation: 0.4
[127968.000] 	X.Org Video Driver: 19.0
[127968.000] 	X.Org XInput driver : 21.1
[127968.000] 	X.Org Server Extension : 9.0
[127968.004] (II) systemd-logind: took control of session /org/freedesktop/login1/session/c1
[127968.005] (II) xfree86: Adding drm device (/dev/dri/card0)
[127968.006] (II) systemd-logind: got fd for /dev/dri/card0 226:0 fd 8 paused 0
[127968.008] (--) PCI:*(0:0:2:0) 8086:0f31:1028:068f rev 14, Mem @ 0xd0000000/4194304, 0xc0000000/268435456, I/O @ 0x0000f080/8
[127968.008] (WW) Open ACPI failed (/var/run/acpid.socket) (No such file or directory)
[127968.008] (II) LoadModule: "glx"
[127968.008] (II) Loading /usr/lib/xorg/modules/extensions/libglx.so
[127968.011] (II) Module glx: vendor="X.Org Foundation"
[127968.011] 	compiled for 1.17.2, module version = 1.0.0
[127968.011] 	ABI class: X.Org Server Extension, version 9.0
[127968.011] (==) AIGLX enabled
[127968.011] (==) Matched intel as autoconfigured driver 0
[127968.011] (==) Matched intel as autoconfigured driver 1
[127968.011] (==) Matched modesetting as autoconfigured driver 2
[127968.011] (==) Matched fbdev as autoconfigured driver 3
[127968.011] (==) Matched vesa as autoconfigured driver 4
[127968.011] (==) Assigned the driver to the xf86ConfigLayout
[127968.011] (II) LoadModule: "intel"
[127968.012] (II) Loading /usr/lib/xorg/modules/drivers/intel_drv.so
[127968.012] (II) Module intel: vendor="X.Org Foundation"
[127968.012] 	compiled for 1.17.2, module version = 2.99.917
[127968.012] 	Module class: X.Org Video Driver
[127968.012] 	ABI class: X.Org Video Driver, version 19.0
[127968.012] (II) LoadModule: "modesetting"
[127968.012] (II) Loading /usr/lib/xorg/modules/drivers/modesetting_drv.so
[127968.013] (II) Module modesetting: vendor="X.Org Foundation"
[127968.013] 	compiled for 1.17.2, module version = 1.17.2
[127968.013] 	Module class: X.Org Video Driver
[127968.013] 	ABI class: X.Org Video Driver, version 19.0
[127968.013] (II) LoadModule: "fbdev"
[127968.013] (WW) Warning, couldn't open module fbdev
[127968.013] (II) UnloadModule: "fbdev"
[127968.013] (II) Unloading fbdev
[127968.013] (EE) Failed to load module "fbdev" (module does not exist, 0)
[127968.013] (II) LoadModule: "vesa"
[127968.013] (WW) Warning, couldn't open module vesa
[127968.013] (II) UnloadModule: "vesa"
[127968.014] (II) Unloading vesa
[127968.014] (EE) Failed to load module "vesa" (module does not exist, 0)
[127968.014] (II) intel: Driver for Intel(R) Integrated Graphics Chipsets:
	i810, i810-dc100, i810e, i815, i830M, 845G, 854, 852GM/855GM, 865G,
	915G, E7221 (i915), 915GM, 945G, 945GM, 945GME, Pineview GM,
	Pineview G, 965G, G35, 965Q, 946GZ, 965GM, 965GME/GLE, G33, Q35, Q33,
	GM45, 4 Series, G45/G43, Q45/Q43, G41, B43
[127968.014] (II) intel: Driver for Intel(R) HD Graphics: 2000-6000
[127968.014] (II) intel: Driver for Intel(R) Iris(TM) Graphics: 5100, 6100
[127968.014] (II) intel: Driver for Intel(R) Iris(TM) Pro Graphics: 5200, 6200, P6300
[127968.014] (II) modesetting: Driver for Modesetting Kernel Drivers: kms
[127968.014] (++) using VT number 1

[127968.014] xf86EnableIOPorts: failed to set IOPL for I/O (Operation not permitted)
[127968.014] (II) intel(0): Using Kernel Mode Setting driver: i915, version 1.6.0 20150327
[127968.014] (II) intel(0): SNA compiled from 2.99.917-381-g5772556
[127968.015] (WW) Falling back to old probe method for modesetting
[127968.015] (WW) VGA arbiter: cannot open kernel arbiter, no multi-card support
[127968.016] (--) intel(0): Integrated Graphics Chipset: Intel(R) HD Graphics
[127968.016] (--) intel(0): CPU: x86-64, sse2, sse3, ssse3, sse4.1, sse4.2; using a maximum of 4 threads
[127968.016] (II) intel(0): Creating default Display subsection in Screen section
	"Default Screen Section" for depth/fbbpp 24/32
[127968.016] (==) intel(0): Depth 24, (--) framebuffer bpp 32
[127968.016] (==) intel(0): RGB weight 888
[127968.016] (==) intel(0): Default visual is TrueColor
[127968.019] (II) intel(0): Output eDP1 has no monitor section
[127968.019] (--) intel(0): Found backlight control interface intel_backlight (type 'raw') for output eDP1
[127968.019] (II) intel(0): Enabled output eDP1
[127968.019] (II) intel(0): Output HDMI1 has no monitor section
[127968.019] (II) intel(0): Enabled output HDMI1
[127968.019] (II) intel(0): Output DP1 has no monitor section
[127968.019] (II) intel(0): Enabled output DP1
[127968.019] (--) intel(0): Using a maximum size of 256x256 for hardware cursors
[127968.020] (II) intel(0): Output VIRTUAL1 has no monitor section
[127968.020] (II) intel(0): Enabled output VIRTUAL1
[127968.020] (--) intel(0): Output eDP1 using initial mode 1366x768 on pipe 0
[127968.020] (==) intel(0): TearFree disabled
[127968.020] (==) intel(0): DPI set to (96, 96)
[127968.020] (II) Loading sub module "dri2"
[127968.020] (II) LoadModule: "dri2"
[127968.020] (II) Module "dri2" already built-in
[127968.020] (II) Loading sub module "present"
[127968.020] (II) LoadModule: "present"
[127968.020] (II) Module "present" already built-in
[127968.020] (II) UnloadModule: "modesetting"
[127968.020] (II) Unloading modesetting
[127968.021] (==) Depth 24 pixmap format is 32 bpp
[127968.021] (II) intel(0): SNA initialized with Baytrail (gen7) backend
[127968.021] (==) intel(0): Backing store enabled
[127968.021] (==) intel(0): Silken mouse enabled
[127968.021] (II) intel(0): HW Cursor enabled
[127968.021] (II) intel(0): RandR 1.2 enabled, ignore the following RandR disabled message.
[127968.021] (==) intel(0): DPMS enabled
[127968.023] (==) intel(0): Display hotplug detection enabled
[127968.023] (II) intel(0): [DRI2] Setup complete
[127968.023] (II) intel(0): [DRI2]   DRI driver: i965
[127968.023] (II) intel(0): [DRI2]   VDPAU driver: va_gl
[127968.023] (II) intel(0): direct rendering: DRI2 enabled
[127968.023] (II) intel(0): hardware support for Present enabled
[127968.023] (--) RandR disabled
[127968.125] (II) AIGLX: enabled GLX_MESA_copy_sub_buffer
[127968.125] (II) AIGLX: enabled GLX_ARB_create_context
[127968.125] (II) AIGLX: enabled GLX_ARB_create_context_profile
[127968.125] (II) AIGLX: enabled GLX_EXT_create_context_es2_profile
[127968.125] (II) AIGLX: enabled GLX_INTEL_swap_event
[127968.125] (II) AIGLX: enabled GLX_SGI_swap_control and GLX_MESA_swap_control
[127968.125] (II) AIGLX: enabled GLX_EXT_framebuffer_sRGB
[127968.125] (II) AIGLX: enabled GLX_ARB_fbconfig_float
[127968.125] (II) AIGLX: GLX_EXT_texture_from_pixmap backed by buffer objects
[127968.125] (II) AIGLX: enabled GLX_ARB_create_context_robustness
[127968.126] (II) AIGLX: Loaded and initialized i965
[127968.126] (II) GLX: Initialized DRI2 GL provider for screen 0
[127968.131] (II) intel(0): switch to mode 1366x768@60.0 on eDP1 using pipe 0, position (0, 0), rotation normal, reflection none
[127968.131] (II) intel(0): Setting screen physical size to 361 x 203
[127968.224] (II) config/udev: Adding input device Power Button (/dev/input/event4)
[127968.224] (**) Power Button: Applying InputClass "evdev keyboard catchall"
[127968.224] (II) LoadModule: "evdev"
[127968.224] (II) Loading /usr/lib/xorg/modules/input/evdev_drv.so
[127968.225] (II) Module evdev: vendor="X.Org Foundation"
[127968.225] 	compiled for 1.17.1, module version = 2.9.2
[127968.225] 	Module class: X.Org XInput Driver
[127968.225] 	ABI class: X.Org XInput driver, version 21.0
[127968.226] (II) systemd-logind: got fd for /dev/input/event4 13:68 fd 12 paused 0
[127968.226] (II) Using input driver 'evdev' for 'Power Button'
[127968.226] (**) Power Button: always reports core events
[127968.226] (**) evdev: Power Button: Device: "/dev/input/event4"
[127968.226] (--) evdev: Power Button: Vendor 0 Product 0x1
[127968.226] (--) evdev: Power Button: Found keys
[127968.226] (II) evdev: Power Button: Configuring as keyboard
[127968.226] (**) Option "config_info" "udev:/sys/devices/LNXSYSTM:00/LNXPWRBN:00/input/input5/event4"
[127968.226] (II) XINPUT: Adding extended input device "Power Button" (type: KEYBOARD, id 6)
[127968.226] (**) Option "xkb_rules" "evdev"
[127968.226] (**) Option "xkb_model" "pc104"
[127968.227] (**) Option "xkb_layout" "us"
[127968.283] (II) config/udev: Adding input device Video Bus (/dev/input/event5)
[127968.283] (**) Video Bus: Applying InputClass "evdev keyboard catchall"
[127968.284] (II) systemd-logind: got fd for /dev/input/event5 13:69 fd 13 paused 0
[127968.284] (II) Using input driver 'evdev' for 'Video Bus'
[127968.284] (**) Video Bus: always reports core events
[127968.284] (**) evdev: Video Bus: Device: "/dev/input/event5"
[127968.284] (--) evdev: Video Bus: Vendor 0 Product 0x6
[127968.284] (--) evdev: Video Bus: Found keys
[127968.284] (II) evdev: Video Bus: Configuring as keyboard
[127968.284] (**) Option "config_info" "udev:/sys/devices/LNXSYSTM:00/LNXSYBUS:00/PNP0A08:00/LNXVIDEO:00/input/input7/event5"
[127968.284] (II) XINPUT: Adding extended input device "Video Bus" (type: KEYBOARD, id 7)
[127968.284] (**) Option "xkb_rules" "evdev"
[127968.284] (**) Option "xkb_model" "pc104"
[127968.284] (**) Option "xkb_layout" "us"
[127968.286] (II) config/udev: Adding input device Power Button (/dev/input/event2)
[127968.286] (**) Power Button: Applying InputClass "evdev keyboard catchall"
[127968.287] (II) systemd-logind: got fd for /dev/input/event2 13:66 fd 14 paused 0
[127968.287] (II) Using input driver 'evdev' for 'Power Button'
[127968.287] (**) Power Button: always reports core events
[127968.287] (**) evdev: Power Button: Device: "/dev/input/event2"
[127968.287] (--) evdev: Power Button: Vendor 0 Product 0x1
[127968.287] (--) evdev: Power Button: Found keys
[127968.287] (II) evdev: Power Button: Configuring as keyboard
[127968.287] (**) Option "config_info" "udev:/sys/devices/LNXSYSTM:00/LNXSYBUS:00/PNP0C0C:00/input/input3/event2"
[127968.287] (II) XINPUT: Adding extended input device "Power Button" (type: KEYBOARD, id 8)
[127968.287] (**) Option "xkb_rules" "evdev"
[127968.287] (**) Option "xkb_model" "pc104"
[127968.287] (**) Option "xkb_layout" "us"
[127968.288] (II) config/udev: Adding input device Lid Switch (/dev/input/event1)
[127968.288] (II) No input driver specified, ignoring this device.
[127968.288] (II) This device may have been added with another device file.
[127968.289] (II) config/udev: Adding input device Sleep Button (/dev/input/event3)
[127968.289] (**) Sleep Button: Applying InputClass "evdev keyboard catchall"
[127968.290] (II) systemd-logind: got fd for /dev/input/event3 13:67 fd 15 paused 0
[127968.290] (II) Using input driver 'evdev' for 'Sleep Button'
[127968.290] (**) Sleep Button: always reports core events
[127968.290] (**) evdev: Sleep Button: Device: "/dev/input/event3"
[127968.290] (--) evdev: Sleep Button: Vendor 0 Product 0x3
[127968.290] (--) evdev: Sleep Button: Found keys
[127968.290] (II) evdev: Sleep Button: Configuring as keyboard
[127968.290] (**) Option "config_info" "udev:/sys/devices/LNXSYSTM:00/LNXSYBUS:00/PNP0C0E:00/input/input4/event3"
[127968.290] (II) XINPUT: Adding extended input device "Sleep Button" (type: KEYBOARD, id 9)
[127968.290] (**) Option "xkb_rules" "evdev"
[127968.290] (**) Option "xkb_model" "pc104"
[127968.290] (**) Option "xkb_layout" "us"
[127968.293] (II) config/udev: Adding input device Logitech Anywhere MX (/dev/input/event12)
[127968.293] (**) Logitech Anywhere MX: Applying InputClass "evdev pointer catchall"
[127968.293] (II) systemd-logind: got fd for /dev/input/event12 13:76 fd 16 paused 0
[127968.294] (II) Using input driver 'evdev' for 'Logitech Anywhere MX'
[127968.294] (**) Logitech Anywhere MX: always reports core events
[127968.294] (**) evdev: Logitech Anywhere MX: Device: "/dev/input/event12"
[127968.294] (--) evdev: Logitech Anywhere MX: Vendor 0x46d Product 0x1017
[127968.294] (--) evdev: Logitech Anywhere MX: Found 20 mouse buttons
[127968.294] (--) evdev: Logitech Anywhere MX: Found scroll wheel(s)
[127968.294] (--) evdev: Logitech Anywhere MX: Found relative axes
[127968.294] (--) evdev: Logitech Anywhere MX: Found x and y relative axes
[127968.294] (II) evdev: Logitech Anywhere MX: Configuring as mouse
[127968.294] (II) evdev: Logitech Anywhere MX: Adding scrollwheel support
[127968.294] (**) evdev: Logitech Anywhere MX: YAxisMapping: buttons 4 and 5
[127968.294] (**) evdev: Logitech Anywhere MX: EmulateWheelButton: 4, EmulateWheelInertia: 10, EmulateWheelTimeout: 200
[127968.294] (**) Option "config_info" "udev:/sys/devices/pci0000:00/0000:00:14.0/usb1/1-1/1-1:1.2/0003:046D:C52B.001F/0003:046D:1017.0020/input/input20/event12"
[127968.294] (II) XINPUT: Adding extended input device "Logitech Anywhere MX" (type: MOUSE, id 10)
[127968.294] (II) evdev: Logitech Anywhere MX: initialized for relative axes.
[127968.295] (**) Logitech Anywhere MX: (accel) keeping acceleration scheme 1
[127968.295] (**) Logitech Anywhere MX: (accel) acceleration profile 0
[127968.295] (**) Logitech Anywhere MX: (accel) acceleration factor: 2.000
[127968.295] (**) Logitech Anywhere MX: (accel) acceleration threshold: 4
[127968.296] (II) config/udev: Adding input device Logitech Anywhere MX (/dev/input/mouse1)
[127968.296] (II) No input driver specified, ignoring this device.
[127968.296] (II) This device may have been added with another device file.
[127968.297] (II) config/udev: Adding input device Integrated_Webcam_HD (/dev/input/event11)
[127968.297] (**) Integrated_Webcam_HD: Applying InputClass "evdev keyboard catchall"
[127968.298] (II) systemd-logind: got fd for /dev/input/event11 13:75 fd 17 paused 0
[127968.298] (II) Using input driver 'evdev' for 'Integrated_Webcam_HD'
[127968.298] (**) Integrated_Webcam_HD: always reports core events
[127968.298] (**) evdev: Integrated_Webcam_HD: Device: "/dev/input/event11"
[127968.298] (--) evdev: Integrated_Webcam_HD: Vendor 0x1bcf Product 0x28ae
[127968.298] (--) evdev: Integrated_Webcam_HD: Found keys
[127968.298] (II) evdev: Integrated_Webcam_HD: Configuring as keyboard
[127968.298] (**) Option "config_info" "udev:/sys/devices/pci0000:00/0000:00:14.0/usb1/1-4/1-4:1.0/input/input12/event11"
[127968.298] (II) XINPUT: Adding extended input device "Integrated_Webcam_HD" (type: KEYBOARD, id 11)
[127968.298] (**) Option "xkb_rules" "evdev"
[127968.298] (**) Option "xkb_model" "pc104"
[127968.298] (**) Option "xkb_layout" "us"
[127968.299] (II) config/udev: Adding input device HDA Intel PCH Headphone Mic (/dev/input/event8)
[127968.299] (II) No input driver specified, ignoring this device.
[127968.299] (II) This device may have been added with another device file.
[127968.300] (II) config/udev: Adding input device HDA Intel PCH HDMI/DP,pcm=3 (/dev/input/event9)
[127968.300] (II) No input driver specified, ignoring this device.
[127968.300] (II) This device may have been added with another device file.
[127968.301] (II) config/udev: Adding input device HDA Digital PCBeep (/dev/input/event7)
[127968.301] (II) No input driver specified, ignoring this device.
[127968.301] (II) This device may have been added with another device file.
[127968.302] (II) config/udev: Adding input device AT Translated Set 2 keyboard (/dev/input/event0)
[127968.302] (**) AT Translated Set 2 keyboard: Applying InputClass "evdev keyboard catchall"
[127968.303] (II) systemd-logind: got fd for /dev/input/event0 13:64 fd 18 paused 0
[127968.303] (II) Using input driver 'evdev' for 'AT Translated Set 2 keyboard'
[127968.303] (**) AT Translated Set 2 keyboard: always reports core events
[127968.303] (**) evdev: AT Translated Set 2 keyboard: Device: "/dev/input/event0"
[127968.303] (--) evdev: AT Translated Set 2 keyboard: Vendor 0x1 Product 0x1
[127968.303] (--) evdev: AT Translated Set 2 keyboard: Found keys
[127968.303] (II) evdev: AT Translated Set 2 keyboard: Configuring as keyboard
[127968.303] (**) Option "config_info" "udev:/sys/devices/platform/i8042/serio0/input/input0/event0"
[127968.303] (II) XINPUT: Adding extended input device "AT Translated Set 2 keyboard" (type: KEYBOARD, id 12)
[127968.303] (**) Option "xkb_rules" "evdev"
[127968.303] (**) Option "xkb_model" "pc104"
[127968.303] (**) Option "xkb_layout" "us"
[127968.304] (II) config/udev: Adding input device SynPS/2 Synaptics TouchPad (/dev/input/event10)
[127968.304] (**) SynPS/2 Synaptics TouchPad: Applying InputClass "evdev touchpad catchall"
[127968.304] (**) SynPS/2 Synaptics TouchPad: Applying InputClass "touchpad catchall"
[127968.304] (**) SynPS/2 Synaptics TouchPad: Applying InputClass "Default clickpad buttons"
[127968.304] (**) SynPS/2 Synaptics TouchPad: Applying InputClass "Touchpad"
[127968.305] (II) LoadModule: "synaptics"
[127968.305] (II) Loading /usr/lib/xorg/modules/input/synaptics_drv.so
[127968.305] (II) Module synaptics: vendor="X.Org Foundation"
[127968.305] 	compiled for 1.17.1, module version = 1.8.2
[127968.305] 	Module class: X.Org XInput Driver
[127968.305] 	ABI class: X.Org XInput driver, version 21.0
[127968.306] (II) systemd-logind: got fd for /dev/input/event10 13:74 fd 19 paused 0
[127968.306] (II) Using input driver 'synaptics' for 'SynPS/2 Synaptics TouchPad'
[127968.306] (**) SynPS/2 Synaptics TouchPad: always reports core events
[127968.306] (**) Option "Device" "/dev/input/event10"
[127968.322] (II) synaptics: SynPS/2 Synaptics TouchPad: found clickpad property
[127968.322] (--) synaptics: SynPS/2 Synaptics TouchPad: x-axis range 1366 - 5660 (res 41)
[127968.322] (--) synaptics: SynPS/2 Synaptics TouchPad: y-axis range 1256 - 4720 (res 60)
[127968.322] (--) synaptics: SynPS/2 Synaptics TouchPad: pressure range 0 - 255
[127968.322] (--) synaptics: SynPS/2 Synaptics TouchPad: finger width range 0 - 15
[127968.322] (--) synaptics: SynPS/2 Synaptics TouchPad: buttons: left double triple
[127968.322] (--) synaptics: SynPS/2 Synaptics TouchPad: Vendor 0x2 Product 0x7
[127968.322] (**) Option "HorizHysteresis" "30"
[127968.322] (**) Option "VertHysteresis" "30"
[127968.322] (**) Option "FingerLow" "1"
[127968.322] (**) Option "FingerHigh" "10"
[127968.322] (**) Option "EmulateTwoFingerMinZ" "40"
[127968.322] (**) Option "EmulateTwoFingerMinW" "8"
[127968.322] (**) Option "VertScrollDelta" "65"
[127968.322] (**) Option "HorizScrollDelta" "65"
[127968.322] (**) Option "RBCornerButton" "3"
[127968.322] (**) Option "LBCornerButton" "2"
[127968.322] (**) Option "TapButton1" "1"
[127968.322] (**) Option "TapButton2" "2"
[127968.322] (**) Option "TapButton3" "3"
[127968.322] (**) Option "CircularScrolling" "on"
[127968.323] (**) Option "CircScrollTrigger" "2"
[127968.323] (**) Option "PalmDetect" "1"
[127968.323] (**) Option "PalmMinWidth" "5"
[127968.323] (**) Option "PalmMinZ" "1"
[127968.323] (**) Option "MinSpeed" "1.0"
[127968.323] (**) Option "MaxSpeed" "1.75"
[127968.323] (**) Option "CoastingSpeed" "5"
[127968.323] (**) Option "CoastingFriction" "28"
[127968.323] (**) Option "SoftButtonAreas" "50% 0 82% 0 0 0 0 0"
[127968.323] (--) synaptics: SynPS/2 Synaptics TouchPad: touchpad found
[127968.323] (**) SynPS/2 Synaptics TouchPad: always reports core events
[127968.323] (**) Option "config_info" "udev:/sys/devices/platform/i8042/serio1/input/input6/event10"
[127968.323] (II) XINPUT: Adding extended input device "SynPS/2 Synaptics TouchPad" (type: TOUCHPAD, id 13)
[127968.323] (**) synaptics: SynPS/2 Synaptics TouchPad: (accel) MinSpeed is now constant deceleration 1.0
[127968.323] (**) synaptics: SynPS/2 Synaptics TouchPad: (accel) MaxSpeed is now 1.75
[127968.323] (**) synaptics: SynPS/2 Synaptics TouchPad: (accel) AccelFactor is now 0.036
[127968.324] (**) SynPS/2 Synaptics TouchPad: (accel) keeping acceleration scheme 1
[127968.324] (**) Option "ConstantDeceleration" "4"
[127968.324] (**) SynPS/2 Synaptics TouchPad: (accel) constant deceleration by 4.0
[127968.324] (**) Option "AccelerationProfile" "2"
[127968.324] (**) SynPS/2 Synaptics TouchPad: (accel) acceleration profile 2
[127968.324] (**) Option "AccelerationNumerator" "3"
[127968.324] (**) Option "AccelerationDenominator" "1"
[127968.324] (**) Option "AccelerationThreshold" "3"
[127968.324] (**) SynPS/2 Synaptics TouchPad: (accel) acceleration factor: 3.000
[127968.324] (**) SynPS/2 Synaptics TouchPad: (accel) acceleration threshold: 3
[127968.324] (--) synaptics: SynPS/2 Synaptics TouchPad: touchpad found
[127968.325] (II) config/udev: Adding input device SynPS/2 Synaptics TouchPad (/dev/input/mouse0)
[127968.325] (**) SynPS/2 Synaptics TouchPad: Ignoring device from InputClass "touchpad ignore duplicates"
[127968.326] (II) config/udev: Adding input device Dell WMI hotkeys (/dev/input/event6)
[127968.326] (**) Dell WMI hotkeys: Applying InputClass "evdev keyboard catchall"
[127968.327] (II) systemd-logind: got fd for /dev/input/event6 13:70 fd 20 paused 0
[127968.327] (II) Using input driver 'evdev' for 'Dell WMI hotkeys'
[127968.327] (**) Dell WMI hotkeys: always reports core events
[127968.327] (**) evdev: Dell WMI hotkeys: Device: "/dev/input/event6"
[127968.327] (--) evdev: Dell WMI hotkeys: Vendor 0 Product 0
[127968.327] (--) evdev: Dell WMI hotkeys: Found keys
[127968.327] (II) evdev: Dell WMI hotkeys: Configuring as keyboard
[127968.327] (**) Option "config_info" "udev:/sys/devices/virtual/input/input8/event6"
[127968.327] (II) XINPUT: Adding extended input device "Dell WMI hotkeys" (type: KEYBOARD, id 14)
[127968.327] (**) Option "xkb_rules" "evdev"
[127968.327] (**) Option "xkb_model" "pc104"
[127968.327] (**) Option "xkb_layout" "us"
[128484.858] (II) config/udev: removing device Logitech Anywhere MX
[128484.858] (II) evdev: Logitech Anywhere MX: Close
[128484.858] (II) UnloadModule: "evdev"
[128484.858] (II) systemd-logind: releasing fd for 13:76
[128490.929] (II) config/udev: Adding input device Logitech Anywhere MX (/dev/input/mouse1)
[128490.929] (II) No input driver specified, ignoring this device.
[128490.929] (II) This device may have been added with another device file.
[128490.941] (II) config/udev: Adding input device Logitech Anywhere MX (/dev/input/event12)
[128490.941] (**) Logitech Anywhere MX: Applying InputClass "evdev pointer catchall"
[128490.942] (II) systemd-logind: got fd for /dev/input/event12 13:76 fd 22 paused 0
[128490.943] (II) Using input driver 'evdev' for 'Logitech Anywhere MX'
[128490.943] (**) Logitech Anywhere MX: always reports core events
[128490.943] (**) evdev: Logitech Anywhere MX: Device: "/dev/input/event12"
[128490.943] (--) evdev: Logitech Anywhere MX: Vendor 0x46d Product 0x1017
[128490.943] (--) evdev: Logitech Anywhere MX: Found 20 mouse buttons
[128490.943] (--) evdev: Logitech Anywhere MX: Found scroll wheel(s)
[128490.943] (--) evdev: Logitech Anywhere MX: Found relative axes
[128490.943] (--) evdev: Logitech Anywhere MX: Found x and y relative axes
[128490.943] (II) evdev: Logitech Anywhere MX: Configuring as mouse
[128490.943] (II) evdev: Logitech Anywhere MX: Adding scrollwheel support
[128490.943] (**) evdev: Logitech Anywhere MX: YAxisMapping: buttons 4 and 5
[128490.943] (**) evdev: Logitech Anywhere MX: EmulateWheelButton: 4, EmulateWheelInertia: 10, EmulateWheelTimeout: 200
[128490.943] (**) Option "config_info" "udev:/sys/devices/pci0000:00/0000:00:14.0/usb1/1-1/1-1:1.2/0003:046D:C52B.0023/0003:046D:1017.0024/input/input21/event12"
[128490.943] (II) XINPUT: Adding extended input device "Logitech Anywhere MX" (type: MOUSE, id 10)
[128490.943] (II) evdev: Logitech Anywhere MX: initialized for relative axes.
[128490.944] (**) Logitech Anywhere MX: (accel) keeping acceleration scheme 1
[128490.944] (**) Logitech Anywhere MX: (accel) acceleration profile 0
[128490.944] (**) Logitech Anywhere MX: (accel) acceleration factor: 2.000
[128490.944] (**) Logitech Anywhere MX: (accel) acceleration threshold: 4
[130400.316] (II) intel(0): EDID vendor "AUO", prod id 9052
[130400.316] (II) intel(0): Printing DDC gathered Modelines:
[130400.316] (II) intel(0): Modeline "1366x768"x0.0   76.30  1366 1404 1426 1592  768 771 777 798 +hsync -vsync (47.9 kHz eP)
